----------------------------------------------------------------
Mon Sep 12 16:54:30 PDT 2016:
Booting Derby version The Apache Software Foundation - Apache Derby - 10.10.2.0 - (1582446): instance a816c00e-0157-20d2-d5b7-0000013ede05 
on database directory /Users/yugokato/Documents/workspace/YugoKato_JavaCompFinal/Resources/RunnersDB with class loader sun.misc.Launcher$AppClassLoader@2a139a55 
Loaded from file:/Users/yugokato/Documents/workspace/YugoKato_JavaCompFinal/Resources/derby.jar
java.vendor=Oracle Corporation
java.runtime.version=1.8.0_11-b12
user.dir=/Users/yugokato/Documents/workspace/YugoKato_JavaCompFinal
os.name=Mac OS X
os.arch=x86_64
os.version=10.11.6
derby.system.home=Resources
Database Class Loader started - derby.database.classpath=''
----------------------------------------------------------------
Mon Sep 12 16:54:31 PDT 2016:
Shutting down instance a816c00e-0157-20d2-d5b7-0000013ede05 on database directory /Users/yugokato/Documents/workspace/YugoKato_JavaCompFinal/Resources/RunnersDB with class loader sun.misc.Launcher$AppClassLoader@2a139a55 
----------------------------------------------------------------
Mon Sep 12 16:54:46 PDT 2016:
Booting Derby version The Apache Software Foundation - Apache Derby - 10.10.2.0 - (1582446): instance 08264012-0157-20d2-d5b7-0000013ede05 
on database directory /Users/yugokato/Documents/workspace/YugoKato_JavaCompFinal/Resources/RunnersDB with class loader sun.misc.Launcher$AppClassLoader@2a139a55 
Loaded from file:/Users/yugokato/Documents/workspace/YugoKato_JavaCompFinal/Resources/derby.jar
java.vendor=Oracle Corporation
java.runtime.version=1.8.0_11-b12
user.dir=/Users/yugokato/Documents/workspace/YugoKato_JavaCompFinal
os.name=Mac OS X
os.arch=x86_64
os.version=10.11.6
derby.system.home=Resources
Database Class Loader started - derby.database.classpath=''
----------------------------------------------------------------
Mon Sep 12 16:54:46 PDT 2016:
Shutting down instance 08264012-0157-20d2-d5b7-0000013ede05 on database directory /Users/yugokato/Documents/workspace/YugoKato_JavaCompFinal/Resources/RunnersDB with class loader sun.misc.Launcher$AppClassLoader@2a139a55 
